/!\ FAILSAFE /!\  Mon Oct 21 14:45:08 -0400 2013
  Status: 500 Internal Server Error
  Access denied for user 'root'@'coreopsis.cs.engr.uky.edu' (using password: YES)
    /usr/lib/ruby/vendor_ruby/active_record/connection_adapters/mysql_adapter.rb:620:in `real_connect'
    /usr/lib/ruby/vendor_ruby/active_record/connection_adapters/mysql_adapter.rb:620:in `connect'
    /usr/lib/ruby/vendor_ruby/active_record/connection_adapters/mysql_adapter.rb:203:in `initialize'
    /usr/lib/ruby/vendor_ruby/active_record/connection_adapters/mysql_adapter.rb:75:in `new'
    /usr/lib/ruby/vendor_ruby/active_record/connection_adapters/mysql_adapter.rb:75:in `mysql_connection'
    /usr/lib/ruby/vendor_ruby/active_record/connection_adapters/abstract/connection_pool.rb:223:in `send'
    /usr/lib/ruby/vendor_ruby/active_record/connection_adapters/abstract/connection_pool.rb:223:in `new_connection'
    /usr/lib/ruby/vendor_ruby/active_record/connection_adapters/abstract/connection_pool.rb:245:in `checkout_new_connection'
    /usr/lib/ruby/vendor_ruby/active_record/connection_adapters/abstract/connection_pool.rb:188:in `checkout'
    /usr/lib/ruby/vendor_ruby/active_record/connection_adapters/abstract/connection_pool.rb:184:in `loop'
    /usr/lib/ruby/vendor_ruby/active_record/connection_adapters/abstract/connection_pool.rb:184:in `checkout'
    /usr/lib/ruby/1.8/monitor.rb:242:in `synchronize'
    /usr/lib/ruby/vendor_ruby/active_record/connection_adapters/abstract/connection_pool.rb:183:in `checkout'
    /usr/lib/ruby/vendor_ruby/active_record/connection_adapters/abstract/connection_pool.rb:98:in `connection'
    /usr/lib/ruby/vendor_ruby/active_record/connection_adapters/abstract/connection_pool.rb:326:in `retrieve_connection'
    /usr/lib/ruby/vendor_ruby/active_record/connection_adapters/abstract/connection_specification.rb:117:in `retrieve_connection'
    /usr/lib/ruby/vendor_ruby/active_record/connection_adapters/abstract/connection_specification.rb:109:in `connection'
    /usr/lib/ruby/vendor_ruby/active_record/query_cache.rb:9:in `cache'
    /usr/lib/ruby/vendor_ruby/active_record/query_cache.rb:28:in `call'
    /usr/lib/ruby/vendor_ruby/active_record/connection_adapters/abstract/connection_pool.rb:361:in `call'
    /usr/lib/ruby/vendor_ruby/action_controller/string_coercion.rb:25:in `call'
    /usr/lib/ruby/vendor_ruby/rack/head.rb:9:in `call'
    /usr/lib/ruby/vendor_ruby/rack/methodoverride.rb:24:in `call'
    /usr/lib/ruby/vendor_ruby/action_controller/params_parser.rb:15:in `call'
    /usr/lib/ruby/vendor_ruby/action_controller/session/cookie_store.rb:99:in `call'
    /usr/lib/ruby/vendor_ruby/action_controller/failsafe.rb:26:in `call'
    /usr/lib/ruby/vendor_ruby/rack/lock.rb:15:in `call'
    /usr/lib/ruby/vendor_ruby/action_controller/dispatcher.rb:114:in `call'
    /usr/lib/ruby/vendor_ruby/action_controller/reloader.rb:34:in `run'
    /usr/lib/ruby/vendor_ruby/action_controller/dispatcher.rb:108:in `call'
    /usr/lib/ruby/vendor_ruby/rails/rack/static.rb:31:in `call'
    /usr/lib/ruby/vendor_ruby/rack/urlmap.rb:52:in `call'
    /usr/lib/ruby/vendor_ruby/rack/urlmap.rb:46:in `each'
    /usr/lib/ruby/vendor_ruby/rack/urlmap.rb:46:in `call'
    /usr/lib/ruby/vendor_ruby/rails/rack/log_tailer.rb:17:in `call'
    /usr/lib/ruby/vendor_ruby/rack/handler/webrick.rb:59:in `service'
    /usr/lib/ruby/1.8/webrick/httpserver.rb:104:in `service'
    /usr/lib/ruby/1.8/webrick/httpserver.rb:65:in `run'
    /usr/lib/ruby/1.8/webrick/server.rb:173:in `start_thread'
    /usr/lib/ruby/1.8/webrick/server.rb:162:in `start'
    /usr/lib/ruby/1.8/webrick/server.rb:162:in `start_thread'
    /usr/lib/ruby/1.8/webrick/server.rb:95:in `start'
    /usr/lib/ruby/1.8/webrick/server.rb:92:in `each'
    /usr/lib/ruby/1.8/webrick/server.rb:92:in `start'
    /usr/lib/ruby/1.8/webrick/server.rb:23:in `start'
    /usr/lib/ruby/1.8/webrick/server.rb:82:in `start'
    /usr/lib/ruby/vendor_ruby/rack/handler/webrick.rb:13:in `run'
    /mounts/u-zon-d2/ugrad/kmov222/CS4854/rails-lab/ecommerce/vendor/rails/railties/lib/commands/server.rb:111
    /usr/lib/ruby/vendor_ruby/1.8/rubygems/custom_require.rb:36:in `gem_original_require'
    /usr/lib/ruby/vendor_ruby/1.8/rubygems/custom_require.rb:36:in `require'
    script/server:3
  [4;36;1mSQL (0.2ms)[0m   [0;1mSET SQL_AUTO_IS_NULL=0[0m
  [4;35;1mSQL (0.4ms)[0m   [0mSHOW TABLES[0m
  [4;36;1mSQL (88.9ms)[0m   [0;1mCREATE TABLE `schema_migrations` (`version` varchar(255) NOT NULL) ENGINE=InnoDB[0m
  [4;35;1mSQL (0.5ms)[0m   [0mSHOW KEYS FROM `schema_migrations`[0m
  [4;36;1mSQL (109.1ms)[0m   [0;1mCREATE UNIQUE INDEX `unique_schema_migrations` ON `schema_migrations` (`version`)[0m
  [4;35;1mSQL (0.5ms)[0m   [0mSHOW TABLES[0m
  [4;36;1mSQL (0.3ms)[0m   [0;1mSELECT version FROM schema_migrations[0m
  [4;36;1mSQL (0.2ms)[0m   [0;1mSET SQL_AUTO_IS_NULL=0[0m
  [4;35;1mSQL (0.4ms)[0m   [0mSHOW TABLES[0m
  [4;36;1mSQL (0.2ms)[0m   [0;1mSELECT version FROM schema_migrations[0m
Migrating to CreateItems (20131021182200)
  [4;35;1mSQL (59.3ms)[0m   [0mCREATE TABLE `items` (`id` int(11) DEFAULT NULL auto_increment PRIMARY KEY, `name` varchar(255), `description` varchar(255), `created_at` datetime, `updated_at` datetime) ENGINE=InnoDB[0m
  [4;36;1mSQL (7.8ms)[0m   [0;1mINSERT INTO schema_migrations (version) VALUES ('20131021182200')[0m
Migrating to CreateUsers (20131021182614)
  [4;35;1mSQL (30.8ms)[0m   [0mCREATE TABLE `users` (`id` int(11) DEFAULT NULL auto_increment PRIMARY KEY, `username` varchar(255), `password` varchar(255), `address` varchar(255), `created_at` datetime, `updated_at` datetime) ENGINE=InnoDB[0m
  [4;36;1mSQL (7.8ms)[0m   [0;1mINSERT INTO schema_migrations (version) VALUES ('20131021182614')[0m
Migrating to CreateShoppingCarts (20131021182727)
  [4;35;1mSQL (39.4ms)[0m   [0mCREATE TABLE `shopping_carts` (`id` int(11) DEFAULT NULL auto_increment PRIMARY KEY, `user_id` int(11), `created_at` datetime, `updated_at` datetime) ENGINE=InnoDB[0m
  [4;36;1mSQL (7.8ms)[0m   [0;1mINSERT INTO schema_migrations (version) VALUES ('20131021182727')[0m
Migrating to CreateInventories (20131021182936)
  [4;35;1mSQL (39.5ms)[0m   [0mCREATE TABLE `inventories` (`id` int(11) DEFAULT NULL auto_increment PRIMARY KEY, `created_at` datetime, `updated_at` datetime) ENGINE=InnoDB[0m
  [4;36;1mSQL (7.8ms)[0m   [0;1mINSERT INTO schema_migrations (version) VALUES ('20131021182936')[0m
Migrating to CreateCatalogs (20131021183009)
  [4;35;1mSQL (39.5ms)[0m   [0mCREATE TABLE `catalogs` (`id` int(11) DEFAULT NULL auto_increment PRIMARY KEY, `created_at` datetime, `updated_at` datetime) ENGINE=InnoDB[0m
  [4;36;1mSQL (16.2ms)[0m   [0;1mINSERT INTO schema_migrations (version) VALUES ('20131021183009')[0m
  [4;35;1mSQL (0.4ms)[0m   [0mSHOW TABLES[0m
  [4;36;1mSQL (0.3ms)[0m   [0;1mSELECT version FROM schema_migrations[0m
  [4;35;1mSQL (0.3ms)[0m   [0mSHOW TABLES[0m
  [4;36;1mSQL (1.0ms)[0m   [0;1mSHOW FIELDS FROM `catalogs`[0m
  [4;35;1mSQL (0.8ms)[0m   [0mdescribe `catalogs`[0m
  [4;36;1mSQL (0.4ms)[0m   [0;1mSHOW KEYS FROM `catalogs`[0m
  [4;35;1mSQL (0.8ms)[0m   [0mSHOW FIELDS FROM `inventories`[0m
  [4;36;1mSQL (0.7ms)[0m   [0;1mdescribe `inventories`[0m
  [4;35;1mSQL (0.4ms)[0m   [0mSHOW KEYS FROM `inventories`[0m
  [4;36;1mSQL (0.9ms)[0m   [0;1mSHOW FIELDS FROM `items`[0m
  [4;35;1mSQL (0.8ms)[0m   [0mdescribe `items`[0m
  [4;36;1mSQL (0.4ms)[0m   [0;1mSHOW KEYS FROM `items`[0m
  [4;35;1mSQL (0.9ms)[0m   [0mSHOW FIELDS FROM `shopping_carts`[0m
  [4;36;1mSQL (0.8ms)[0m   [0;1mdescribe `shopping_carts`[0m
  [4;35;1mSQL (0.4ms)[0m   [0mSHOW KEYS FROM `shopping_carts`[0m
  [4;36;1mSQL (0.9ms)[0m   [0;1mSHOW FIELDS FROM `users`[0m
  [4;35;1mSQL (0.8ms)[0m   [0mdescribe `users`[0m
  [4;36;1mSQL (0.4ms)[0m   [0;1mSHOW KEYS FROM `users`[0m
  [4;36;1mSQL (0.2ms)[0m   [0;1mSET SQL_AUTO_IS_NULL=0[0m
  [4;35;1mSQL (0.4ms)[0m   [0mSHOW TABLES[0m
  [4;36;1mSQL (0.2ms)[0m   [0;1mSELECT version FROM schema_migrations[0m
  [4;36;1mSQL (0.2ms)[0m   [0;1mSET SQL_AUTO_IS_NULL=0[0m


Processing ItemsController#index (for 98.23.57.158 at 2013-10-21 19:44:45) [GET]
  [4;35;1mItem Load (0.4ms)[0m   [0mSELECT * FROM `items` [0m
Rendering template within layouts/items
Rendering items/index
Completed in 89ms (View: 81, DB: 1) | 200 OK [http://cor.cs.uky.edu/items/]
  [4;36;1mSQL (0.2ms)[0m   [0;1mSET SQL_AUTO_IS_NULL=0[0m


Processing ItemsController#new (for 98.23.57.158 at 2013-10-21 19:44:48) [GET]
  [4;35;1mItem Columns (1.0ms)[0m   [0mSHOW FIELDS FROM `items`[0m
Rendering template within layouts/items
Rendering items/new

ActionView::TemplateError (undefined method `price' for #<Item:0x7f9c33f5ad30>) on line #12 of app/views/items/new.html.erb:
9:   </p>
10:   <p>
11:     <%= f.label :price %><br />
12:     <%= f.text_field :price %>
13:   </p>
14:   <p>
15:     <%= f.label :instock %><br />

    /usr/lib/ruby/vendor_ruby/active_record/attribute_methods.rb:260:in `method_missing'
    /usr/lib/ruby/vendor_ruby/action_view/helpers/form_helper.rb:889:in `send'
    /usr/lib/ruby/vendor_ruby/action_view/helpers/form_helper.rb:889:in `value_before_type_cast'
    /usr/lib/ruby/vendor_ruby/action_view/helpers/form_helper.rb:877:in `value_before_type_cast'
    /usr/lib/ruby/vendor_ruby/action_view/helpers/form_helper.rb:798:in `to_input_field_tag'
    /usr/lib/ruby/vendor_ruby/action_view/helpers/form_helper.rb:568:in `text_field'
    /usr/lib/ruby/vendor_ruby/action_view/helpers/form_helper.rb:989:in `send'
    /usr/lib/ruby/vendor_ruby/action_view/helpers/form_helper.rb:989:in `text_field'
    app/views/items/new.html.erb:12
    /usr/lib/ruby/vendor_ruby/action_view/helpers/form_helper.rb:499:in `fields_for'
    /usr/lib/ruby/vendor_ruby/action_view/helpers/form_helper.rb:282:in `form_for'
    app/views/items/new.html.erb:3
    /usr/lib/ruby/vendor_ruby/action_view/renderable.rb:34:in `send'
    /usr/lib/ruby/vendor_ruby/action_view/renderable.rb:34:in `render'
    /usr/lib/ruby/vendor_ruby/action_view/base.rb:306:in `with_template'
    /usr/lib/ruby/vendor_ruby/action_view/renderable.rb:30:in `render'
    /usr/lib/ruby/vendor_ruby/action_view/template.rb:205:in `render_template'
    /usr/lib/ruby/vendor_ruby/action_view/base.rb:265:in `render'
    /usr/lib/ruby/vendor_ruby/action_view/base.rb:348:in `_render_with_layout'
    /usr/lib/ruby/vendor_ruby/action_view/base.rb:262:in `render'
    /usr/lib/ruby/vendor_ruby/action_controller/base.rb:1252:in `render_for_file'
    /usr/lib/ruby/vendor_ruby/action_controller/base.rb:942:in `render_without_benchmark'
    /usr/lib/ruby/vendor_ruby/action_controller/benchmarking.rb:51:in `render'
    /usr/lib/ruby/vendor_ruby/action_controller/benchmarking.rb:51:in `render'
    /usr/lib/ruby/vendor_ruby/action_controller/mime_responds.rb:135:in `send'
    /usr/lib/ruby/vendor_ruby/action_controller/mime_responds.rb:135:in `custom'
    /usr/lib/ruby/vendor_ruby/action_controller/mime_responds.rb:179:in `call'
    /usr/lib/ruby/vendor_ruby/action_controller/mime_responds.rb:179:in `respond'
    /usr/lib/ruby/vendor_ruby/action_controller/mime_responds.rb:173:in `each'
    /usr/lib/ruby/vendor_ruby/action_controller/mime_responds.rb:173:in `respond'
    /usr/lib/ruby/vendor_ruby/action_controller/mime_responds.rb:107:in `respond_to'
    app/controllers/items_controller.rb:29:in `new'
    /usr/lib/ruby/vendor_ruby/action_controller/base.rb:1333:in `send'
    /usr/lib/ruby/vendor_ruby/action_controller/base.rb:1333:in `perform_action_without_filters'
    /usr/lib/ruby/vendor_ruby/action_controller/filters.rb:617:in `call_filters'
    /usr/lib/ruby/vendor_ruby/action_controller/filters.rb:610:in `perform_action_without_benchmark'
    /usr/lib/ruby/vendor_ruby/action_controller/benchmarking.rb:68:in `perform_action_without_rescue'
    /usr/lib/ruby/vendor_ruby/action_controller/benchmarking.rb:68:in `perform_action_without_rescue'
    /usr/lib/ruby/vendor_ruby/action_controller/rescue.rb:160:in `perform_action_without_flash'
    /usr/lib/ruby/vendor_ruby/action_controller/flash.rb:151:in `perform_action'
    /usr/lib/ruby/vendor_ruby/action_controller/base.rb:532:in `send'
    /usr/lib/ruby/vendor_ruby/action_controller/base.rb:532:in `process_without_filters'
    /usr/lib/ruby/vendor_ruby/action_controller/filters.rb:606:in `process'
    /usr/lib/ruby/vendor_ruby/action_controller/base.rb:391:in `process'
    /usr/lib/ruby/vendor_ruby/action_controller/base.rb:386:in `call'
    /usr/lib/ruby/vendor_ruby/action_controller/routing/route_set.rb:438:in `call'
    /usr/lib/ruby/vendor_ruby/action_controller/dispatcher.rb:87:in `dispatch'
    /usr/lib/ruby/vendor_ruby/action_controller/dispatcher.rb:121:in `_call'
    /usr/lib/ruby/vendor_ruby/action_controller/dispatcher.rb:130:in `build_middleware_stack'
    /usr/lib/ruby/vendor_ruby/active_record/query_cache.rb:29:in `call'
    /usr/lib/ruby/vendor_ruby/active_record/query_cache.rb:29:in `call'
    /usr/lib/ruby/vendor_ruby/active_record/connection_adapters/abstract/query_cache.rb:34:in `cache'
    /usr/lib/ruby/vendor_ruby/active_record/query_cache.rb:9:in `cache'
    /usr/lib/ruby/vendor_ruby/active_record/query_cache.rb:28:in `call'
    /usr/lib/ruby/vendor_ruby/active_record/connection_adapters/abstract/connection_pool.rb:361:in `call'
    /usr/lib/ruby/vendor_ruby/action_controller/string_coercion.rb:25:in `call'
    /usr/lib/ruby/vendor_ruby/rack/head.rb:9:in `call'
    /usr/lib/ruby/vendor_ruby/rack/methodoverride.rb:24:in `call'
    /usr/lib/ruby/vendor_ruby/action_controller/params_parser.rb:15:in `call'
    /usr/lib/ruby/vendor_ruby/action_controller/session/cookie_store.rb:99:in `call'
    /usr/lib/ruby/vendor_ruby/action_controller/failsafe.rb:26:in `call'
    /usr/lib/ruby/vendor_ruby/rack/lock.rb:15:in `call'
    /usr/lib/ruby/vendor_ruby/action_controller/dispatcher.rb:114:in `call'
    /usr/lib/ruby/vendor_ruby/action_controller/reloader.rb:34:in `run'
    /usr/lib/ruby/vendor_ruby/action_controller/dispatcher.rb:108:in `call'
    /usr/lib/ruby/vendor_ruby/rails/rack/static.rb:31:in `call'
    /usr/lib/ruby/vendor_ruby/rack/urlmap.rb:52:in `call'
    /usr/lib/ruby/vendor_ruby/rack/urlmap.rb:46:in `each'
    /usr/lib/ruby/vendor_ruby/rack/urlmap.rb:46:in `call'
    /usr/lib/ruby/vendor_ruby/rails/rack/log_tailer.rb:17:in `call'
    /usr/lib/ruby/vendor_ruby/rack/handler/webrick.rb:59:in `service'
    /usr/lib/ruby/1.8/webrick/httpserver.rb:104:in `service'
    /usr/lib/ruby/1.8/webrick/httpserver.rb:65:in `run'
    /usr/lib/ruby/1.8/webrick/server.rb:173:in `start_thread'
    /usr/lib/ruby/1.8/webrick/server.rb:162:in `start'
    /usr/lib/ruby/1.8/webrick/server.rb:162:in `start_thread'
    /usr/lib/ruby/1.8/webrick/server.rb:95:in `start'
    /usr/lib/ruby/1.8/webrick/server.rb:92:in `each'
    /usr/lib/ruby/1.8/webrick/server.rb:92:in `start'
    /usr/lib/ruby/1.8/webrick/server.rb:23:in `start'
    /usr/lib/ruby/1.8/webrick/server.rb:82:in `start'
    /usr/lib/ruby/vendor_ruby/rack/handler/webrick.rb:13:in `run'

Rendered rescues/_trace (40.2ms)
Rendered rescues/_request_and_response (1.5ms)
Rendering rescues/layout (internal_server_error)
  [4;36;1mSQL (0.2ms)[0m   [0;1mSET SQL_AUTO_IS_NULL=0[0m


Processing CatalogsController#index (for 98.23.57.158 at 2013-10-21 19:45:18) [GET]
  [4;35;1mCatalog Load (8.0ms)[0m   [0mSELECT * FROM `catalogs` [0m
Rendering template within layouts/catalogs
Rendering catalogs/index
Completed in 95ms (View: 18, DB: 8) | 200 OK [http://cor.cs.uky.edu/catalogs]
  [4;36;1mSQL (0.2ms)[0m   [0;1mSET SQL_AUTO_IS_NULL=0[0m


Processing CatalogsController#new (for 98.23.57.158 at 2013-10-21 19:45:19) [GET]
  [4;35;1mCatalog Columns (0.9ms)[0m   [0mSHOW FIELDS FROM `catalogs`[0m
Rendering template within layouts/catalogs
Rendering catalogs/new

ActionView::TemplateError (undefined method `items' for #<Catalog id: nil, created_at: nil, updated_at: nil>) on line #8 of app/views/catalogs/new.html.erb:
5: 
6:   <p>
7:     <%= f.label :items %><br />
8:     <%= f.text_field :items %>
9:   </p>
10:   <p>
11:     <%= f.submit 'Create' %>

    /usr/lib/ruby/vendor_ruby/active_record/attribute_methods.rb:260:in `method_missing'
    /usr/lib/ruby/vendor_ruby/action_view/helpers/form_helper.rb:889:in `send'
    /usr/lib/ruby/vendor_ruby/action_view/helpers/form_helper.rb:889:in `value_before_type_cast'
    /usr/lib/ruby/vendor_ruby/action_view/helpers/form_helper.rb:877:in `value_before_type_cast'
    /usr/lib/ruby/vendor_ruby/action_view/helpers/form_helper.rb:798:in `to_input_field_tag'
    /usr/lib/ruby/vendor_ruby/action_view/helpers/form_helper.rb:568:in `text_field'
    /usr/lib/ruby/vendor_ruby/action_view/helpers/form_helper.rb:989:in `send'
    /usr/lib/ruby/vendor_ruby/action_view/helpers/form_helper.rb:989:in `text_field'
    app/views/catalogs/new.html.erb:8
    /usr/lib/ruby/vendor_ruby/action_view/helpers/form_helper.rb:499:in `fields_for'
    /usr/lib/ruby/vendor_ruby/action_view/helpers/form_helper.rb:282:in `form_for'
    app/views/catalogs/new.html.erb:3
    /usr/lib/ruby/vendor_ruby/action_view/renderable.rb:34:in `send'
    /usr/lib/ruby/vendor_ruby/action_view/renderable.rb:34:in `render'
    /usr/lib/ruby/vendor_ruby/action_view/base.rb:306:in `with_template'
    /usr/lib/ruby/vendor_ruby/action_view/renderable.rb:30:in `render'
    /usr/lib/ruby/vendor_ruby/action_view/template.rb:205:in `render_template'
    /usr/lib/ruby/vendor_ruby/action_view/base.rb:265:in `render'
    /usr/lib/ruby/vendor_ruby/action_view/base.rb:348:in `_render_with_layout'
    /usr/lib/ruby/vendor_ruby/action_view/base.rb:262:in `render'
    /usr/lib/ruby/vendor_ruby/action_controller/base.rb:1252:in `render_for_file'
    /usr/lib/ruby/vendor_ruby/action_controller/base.rb:942:in `render_without_benchmark'
    /usr/lib/ruby/vendor_ruby/action_controller/benchmarking.rb:51:in `render'
    /usr/lib/ruby/vendor_ruby/action_controller/benchmarking.rb:51:in `render'
    /usr/lib/ruby/vendor_ruby/action_controller/mime_responds.rb:135:in `send'
    /usr/lib/ruby/vendor_ruby/action_controller/mime_responds.rb:135:in `custom'
    /usr/lib/ruby/vendor_ruby/action_controller/mime_responds.rb:179:in `call'
    /usr/lib/ruby/vendor_ruby/action_controller/mime_responds.rb:179:in `respond'
    /usr/lib/ruby/vendor_ruby/action_controller/mime_responds.rb:173:in `each'
    /usr/lib/ruby/vendor_ruby/action_controller/mime_responds.rb:173:in `respond'
    /usr/lib/ruby/vendor_ruby/action_controller/mime_responds.rb:107:in `respond_to'
    app/controllers/catalogs_controller.rb:29:in `new'
    /usr/lib/ruby/vendor_ruby/action_controller/base.rb:1333:in `send'
    /usr/lib/ruby/vendor_ruby/action_controller/base.rb:1333:in `perform_action_without_filters'
    /usr/lib/ruby/vendor_ruby/action_controller/filters.rb:617:in `call_filters'
    /usr/lib/ruby/vendor_ruby/action_controller/filters.rb:610:in `perform_action_without_benchmark'
    /usr/lib/ruby/vendor_ruby/action_controller/benchmarking.rb:68:in `perform_action_without_rescue'
    /usr/lib/ruby/vendor_ruby/action_controller/benchmarking.rb:68:in `perform_action_without_rescue'
    /usr/lib/ruby/vendor_ruby/action_controller/rescue.rb:160:in `perform_action_without_flash'
    /usr/lib/ruby/vendor_ruby/action_controller/flash.rb:151:in `perform_action'
    /usr/lib/ruby/vendor_ruby/action_controller/base.rb:532:in `send'
    /usr/lib/ruby/vendor_ruby/action_controller/base.rb:532:in `process_without_filters'
    /usr/lib/ruby/vendor_ruby/action_controller/filters.rb:606:in `process'
    /usr/lib/ruby/vendor_ruby/action_controller/base.rb:391:in `process'
    /usr/lib/ruby/vendor_ruby/action_controller/base.rb:386:in `call'
    /usr/lib/ruby/vendor_ruby/action_controller/routing/route_set.rb:438:in `call'
    /usr/lib/ruby/vendor_ruby/action_controller/dispatcher.rb:87:in `dispatch'
    /usr/lib/ruby/vendor_ruby/action_controller/dispatcher.rb:121:in `_call'
    /usr/lib/ruby/vendor_ruby/action_controller/dispatcher.rb:130:in `build_middleware_stack'
    /usr/lib/ruby/vendor_ruby/active_record/query_cache.rb:29:in `call'
    /usr/lib/ruby/vendor_ruby/active_record/query_cache.rb:29:in `call'
    /usr/lib/ruby/vendor_ruby/active_record/connection_adapters/abstract/query_cache.rb:34:in `cache'
    /usr/lib/ruby/vendor_ruby/active_record/query_cache.rb:9:in `cache'
    /usr/lib/ruby/vendor_ruby/active_record/query_cache.rb:28:in `call'
    /usr/lib/ruby/vendor_ruby/active_record/connection_adapters/abstract/connection_pool.rb:361:in `call'
    /usr/lib/ruby/vendor_ruby/action_controller/string_coercion.rb:25:in `call'
    /usr/lib/ruby/vendor_ruby/rack/head.rb:9:in `call'
    /usr/lib/ruby/vendor_ruby/rack/methodoverride.rb:24:in `call'
    /usr/lib/ruby/vendor_ruby/action_controller/params_parser.rb:15:in `call'
    /usr/lib/ruby/vendor_ruby/action_controller/session/cookie_store.rb:99:in `call'
    /usr/lib/ruby/vendor_ruby/action_controller/failsafe.rb:26:in `call'
    /usr/lib/ruby/vendor_ruby/rack/lock.rb:15:in `call'
    /usr/lib/ruby/vendor_ruby/action_controller/dispatcher.rb:114:in `call'
    /usr/lib/ruby/vendor_ruby/action_controller/reloader.rb:34:in `run'
    /usr/lib/ruby/vendor_ruby/action_controller/dispatcher.rb:108:in `call'
    /usr/lib/ruby/vendor_ruby/rails/rack/static.rb:31:in `call'
    /usr/lib/ruby/vendor_ruby/rack/urlmap.rb:52:in `call'
    /usr/lib/ruby/vendor_ruby/rack/urlmap.rb:46:in `each'
    /usr/lib/ruby/vendor_ruby/rack/urlmap.rb:46:in `call'
    /usr/lib/ruby/vendor_ruby/rails/rack/log_tailer.rb:17:in `call'
    /usr/lib/ruby/vendor_ruby/rack/handler/webrick.rb:59:in `service'
    /usr/lib/ruby/1.8/webrick/httpserver.rb:104:in `service'
    /usr/lib/ruby/1.8/webrick/httpserver.rb:65:in `run'
    /usr/lib/ruby/1.8/webrick/server.rb:173:in `start_thread'
    /usr/lib/ruby/1.8/webrick/server.rb:162:in `start'
    /usr/lib/ruby/1.8/webrick/server.rb:162:in `start_thread'
    /usr/lib/ruby/1.8/webrick/server.rb:95:in `start'
    /usr/lib/ruby/1.8/webrick/server.rb:92:in `each'
    /usr/lib/ruby/1.8/webrick/server.rb:92:in `start'
    /usr/lib/ruby/1.8/webrick/server.rb:23:in `start'
    /usr/lib/ruby/1.8/webrick/server.rb:82:in `start'
    /usr/lib/ruby/vendor_ruby/rack/handler/webrick.rb:13:in `run'

Rendered rescues/_trace (38.1ms)
Rendered rescues/_request_and_response (0.4ms)
Rendering rescues/layout (internal_server_error)
  [4;36;1mSQL (0.2ms)[0m   [0;1mSET SQL_AUTO_IS_NULL=0[0m


Processing ItemsController#new (for 98.23.57.158 at 2013-10-21 19:46:32) [GET]
  [4;35;1mItem Columns (1.0ms)[0m   [0mSHOW FIELDS FROM `items`[0m
Rendering template within layouts/items
Rendering items/new

ActionView::TemplateError (undefined method `price' for #<Item:0x7f9c33cd0e48>) on line #12 of app/views/items/new.html.erb:
9:   </p>
10:   <p>
11:     <%= f.label :price %><br />
12:     <%= f.text_field :price %>
13:   </p>
14:   <p>
15:     <%= f.label :instock %><br />

    /usr/lib/ruby/vendor_ruby/active_record/attribute_methods.rb:260:in `method_missing'
    /usr/lib/ruby/vendor_ruby/action_view/helpers/form_helper.rb:889:in `send'
    /usr/lib/ruby/vendor_ruby/action_view/helpers/form_helper.rb:889:in `value_before_type_cast'
    /usr/lib/ruby/vendor_ruby/action_view/helpers/form_helper.rb:877:in `value_before_type_cast'
    /usr/lib/ruby/vendor_ruby/action_view/helpers/form_helper.rb:798:in `to_input_field_tag'
    /usr/lib/ruby/vendor_ruby/action_view/helpers/form_helper.rb:568:in `text_field'
    /usr/lib/ruby/vendor_ruby/action_view/helpers/form_helper.rb:989:in `send'
    /usr/lib/ruby/vendor_ruby/action_view/helpers/form_helper.rb:989:in `text_field'
    app/views/items/new.html.erb:12
    /usr/lib/ruby/vendor_ruby/action_view/helpers/form_helper.rb:499:in `fields_for'
    /usr/lib/ruby/vendor_ruby/action_view/helpers/form_helper.rb:282:in `form_for'
    app/views/items/new.html.erb:3
    /usr/lib/ruby/vendor_ruby/action_view/renderable.rb:34:in `send'
    /usr/lib/ruby/vendor_ruby/action_view/renderable.rb:34:in `render'
    /usr/lib/ruby/vendor_ruby/action_view/base.rb:306:in `with_template'
    /usr/lib/ruby/vendor_ruby/action_view/renderable.rb:30:in `render'
    /usr/lib/ruby/vendor_ruby/action_view/template.rb:205:in `render_template'
    /usr/lib/ruby/vendor_ruby/action_view/base.rb:265:in `render'
    /usr/lib/ruby/vendor_ruby/action_view/base.rb:348:in `_render_with_layout'
    /usr/lib/ruby/vendor_ruby/action_view/base.rb:262:in `render'
    /usr/lib/ruby/vendor_ruby/action_controller/base.rb:1252:in `render_for_file'
    /usr/lib/ruby/vendor_ruby/action_controller/base.rb:942:in `render_without_benchmark'
    /usr/lib/ruby/vendor_ruby/action_controller/benchmarking.rb:51:in `render'
    /usr/lib/ruby/vendor_ruby/action_controller/benchmarking.rb:51:in `render'
    /usr/lib/ruby/vendor_ruby/action_controller/mime_responds.rb:135:in `send'
    /usr/lib/ruby/vendor_ruby/action_controller/mime_responds.rb:135:in `custom'
    /usr/lib/ruby/vendor_ruby/action_controller/mime_responds.rb:179:in `call'
    /usr/lib/ruby/vendor_ruby/action_controller/mime_responds.rb:179:in `respond'
    /usr/lib/ruby/vendor_ruby/action_controller/mime_responds.rb:173:in `each'
    /usr/lib/ruby/vendor_ruby/action_controller/mime_responds.rb:173:in `respond'
    /usr/lib/ruby/vendor_ruby/action_controller/mime_responds.rb:107:in `respond_to'
    app/controllers/items_controller.rb:29:in `new'
    /usr/lib/ruby/vendor_ruby/action_controller/base.rb:1333:in `send'
    /usr/lib/ruby/vendor_ruby/action_controller/base.rb:1333:in `perform_action_without_filters'
    /usr/lib/ruby/vendor_ruby/action_controller/filters.rb:617:in `call_filters'
    /usr/lib/ruby/vendor_ruby/action_controller/filters.rb:610:in `perform_action_without_benchmark'
    /usr/lib/ruby/vendor_ruby/action_controller/benchmarking.rb:68:in `perform_action_without_rescue'
    /usr/lib/ruby/vendor_ruby/action_controller/benchmarking.rb:68:in `perform_action_without_rescue'
    /usr/lib/ruby/vendor_ruby/action_controller/rescue.rb:160:in `perform_action_without_flash'
    /usr/lib/ruby/vendor_ruby/action_controller/flash.rb:151:in `perform_action'
    /usr/lib/ruby/vendor_ruby/action_controller/base.rb:532:in `send'
    /usr/lib/ruby/vendor_ruby/action_controller/base.rb:532:in `process_without_filters'
    /usr/lib/ruby/vendor_ruby/action_controller/filters.rb:606:in `process'
    /usr/lib/ruby/vendor_ruby/action_controller/base.rb:391:in `process'
    /usr/lib/ruby/vendor_ruby/action_controller/base.rb:386:in `call'
    /usr/lib/ruby/vendor_ruby/action_controller/routing/route_set.rb:438:in `call'
    /usr/lib/ruby/vendor_ruby/action_controller/dispatcher.rb:87:in `dispatch'
    /usr/lib/ruby/vendor_ruby/action_controller/dispatcher.rb:121:in `_call'
    /usr/lib/ruby/vendor_ruby/action_controller/dispatcher.rb:130:in `build_middleware_stack'
    /usr/lib/ruby/vendor_ruby/active_record/query_cache.rb:29:in `call'
    /usr/lib/ruby/vendor_ruby/active_record/query_cache.rb:29:in `call'
    /usr/lib/ruby/vendor_ruby/active_record/connection_adapters/abstract/query_cache.rb:34:in `cache'
    /usr/lib/ruby/vendor_ruby/active_record/query_cache.rb:9:in `cache'
    /usr/lib/ruby/vendor_ruby/active_record/query_cache.rb:28:in `call'
    /usr/lib/ruby/vendor_ruby/active_record/connection_adapters/abstract/connection_pool.rb:361:in `call'
    /usr/lib/ruby/vendor_ruby/action_controller/string_coercion.rb:25:in `call'
    /usr/lib/ruby/vendor_ruby/rack/head.rb:9:in `call'
    /usr/lib/ruby/vendor_ruby/rack/methodoverride.rb:24:in `call'
    /usr/lib/ruby/vendor_ruby/action_controller/params_parser.rb:15:in `call'
    /usr/lib/ruby/vendor_ruby/action_controller/session/cookie_store.rb:99:in `call'
    /usr/lib/ruby/vendor_ruby/action_controller/failsafe.rb:26:in `call'
    /usr/lib/ruby/vendor_ruby/rack/lock.rb:15:in `call'
    /usr/lib/ruby/vendor_ruby/action_controller/dispatcher.rb:114:in `call'
    /usr/lib/ruby/vendor_ruby/action_controller/reloader.rb:34:in `run'
    /usr/lib/ruby/vendor_ruby/action_controller/dispatcher.rb:108:in `call'
    /usr/lib/ruby/vendor_ruby/rails/rack/static.rb:31:in `call'
    /usr/lib/ruby/vendor_ruby/rack/urlmap.rb:52:in `call'
    /usr/lib/ruby/vendor_ruby/rack/urlmap.rb:46:in `each'
    /usr/lib/ruby/vendor_ruby/rack/urlmap.rb:46:in `call'
    /usr/lib/ruby/vendor_ruby/rails/rack/log_tailer.rb:17:in `call'
    /usr/lib/ruby/vendor_ruby/rack/handler/webrick.rb:59:in `service'
    /usr/lib/ruby/1.8/webrick/httpserver.rb:104:in `service'
    /usr/lib/ruby/1.8/webrick/httpserver.rb:65:in `run'
    /usr/lib/ruby/1.8/webrick/server.rb:173:in `start_thread'
    /usr/lib/ruby/1.8/webrick/server.rb:162:in `start'
    /usr/lib/ruby/1.8/webrick/server.rb:162:in `start_thread'
    /usr/lib/ruby/1.8/webrick/server.rb:95:in `start'
    /usr/lib/ruby/1.8/webrick/server.rb:92:in `each'
    /usr/lib/ruby/1.8/webrick/server.rb:92:in `start'
    /usr/lib/ruby/1.8/webrick/server.rb:23:in `start'
    /usr/lib/ruby/1.8/webrick/server.rb:82:in `start'
    /usr/lib/ruby/vendor_ruby/rack/handler/webrick.rb:13:in `run'

Rendered rescues/_trace (37.6ms)
Rendered rescues/_request_and_response (0.4ms)
Rendering rescues/layout (internal_server_error)
  [4;36;1mSQL (0.2ms)[0m   [0;1mSET SQL_AUTO_IS_NULL=0[0m
  [4;35;1mSQL (0.4ms)[0m   [0mSHOW TABLES[0m
  [4;36;1mSQL (0.2ms)[0m   [0;1mSELECT version FROM schema_migrations[0m
Migrating to CreateItems (20131021182200)
Migrating to CreateUsers (20131021182614)
Migrating to CreateShoppingCarts (20131021182727)
Migrating to CreateInventories (20131021182936)
Migrating to CreateCatalogs (20131021183009)
Migrating to AddCatalogToItems (20131023182324)
  [4;35;1mSQL (113.9ms)[0m   [0mALTER TABLE `items` ADD `catalog_id` int(11)[0m
  [4;36;1mSQL (7.8ms)[0m   [0;1mINSERT INTO schema_migrations (version) VALUES ('20131023182324')[0m
Migrating to AddNameToCatalog (20131023182351)
  [4;35;1mSQL (56.9ms)[0m   [0mALTER TABLE `catalogs` ADD `name` varchar(255)[0m
  [4;36;1mSQL (7.9ms)[0m   [0;1mINSERT INTO schema_migrations (version) VALUES ('20131023182351')[0m
Migrating to RemoveHasManyFromCatalog (20131023182443)
  [4;35;1mSQL (0.0ms)[0m   [0mMysql::Error: Can't DROP 'has_many'; check that column/key exists: ALTER TABLE `catalogs` DROP `has_many`[0m
  [4;36;1mSQL (0.2ms)[0m   [0;1mSET SQL_AUTO_IS_NULL=0[0m
  [4;35;1mSQL (0.4ms)[0m   [0mSHOW TABLES[0m
  [4;36;1mSQL (0.4ms)[0m   [0;1mSELECT version FROM schema_migrations[0m
Migrating to CreateItems (20131021182200)
Migrating to CreateUsers (20131021182614)
Migrating to CreateShoppingCarts (20131021182727)
Migrating to CreateInventories (20131021182936)
Migrating to CreateCatalogs (20131021183009)
Migrating to AddCatalogToItems (20131023182324)
Migrating to AddNameToCatalog (20131023182351)
Migrating to RemoveHasManyFromCatalog (20131023182700)
  [4;35;1mSQL (0.0ms)[0m   [0mMysql::Error: Can't DROP 'items'; check that column/key exists: ALTER TABLE `catalogs` DROP `items`[0m
  [4;36;1mSQL (0.2ms)[0m   [0;1mSET SQL_AUTO_IS_NULL=0[0m
  [4;35;1mSQL (0.4ms)[0m   [0mSHOW TABLES[0m
  [4;36;1mSQL (2.3ms)[0m   [0;1mSELECT version FROM schema_migrations[0m
Migrating to CreateItems (20131021182200)
Migrating to CreateUsers (20131021182614)
Migrating to CreateShoppingCarts (20131021182727)
Migrating to CreateInventories (20131021182936)
Migrating to CreateCatalogs (20131021183009)
Migrating to AddCatalogToItems (20131023182324)
Migrating to AddNameToCatalog (20131023182351)
Migrating to RemoveHasManyFromCatalog (20131023182700)
  [4;35;1mSQL (0.0ms)[0m   [0mMysql::Error: Can't DROP 'items'; check that column/key exists: ALTER TABLE `catalogs` DROP `items`[0m
  [4;36;1mSQL (0.2ms)[0m   [0;1mSET SQL_AUTO_IS_NULL=0[0m
  [4;35;1mSQL (0.4ms)[0m   [0mSHOW TABLES[0m
  [4;36;1mSQL (0.2ms)[0m   [0;1mSELECT version FROM schema_migrations[0m
Migrating to CreateItems (20131021182200)
Migrating to CreateUsers (20131021182614)
Migrating to CreateShoppingCarts (20131021182727)
Migrating to CreateInventories (20131021182936)
Migrating to CreateCatalogs (20131021183009)
Migrating to AddCatalogToItems (20131023182324)
Migrating to AddNameToCatalog (20131023182351)
Migrating to RemoveItemsFromCatalog (20131023183229)
  [4;35;1mSQL (0.0ms)[0m   [0mMysql::Error: Can't DROP 'has_many'; check that column/key exists: ALTER TABLE `catalogs` DROP `has_many`[0m
  [4;36;1mSQL (0.2ms)[0m   [0;1mSET SQL_AUTO_IS_NULL=0[0m
  [4;35;1mSQL (0.4ms)[0m   [0mSHOW TABLES[0m
  [4;36;1mSQL (42.0ms)[0m   [0;1mCREATE TABLE `catalogs` (`id` int(11) DEFAULT NULL auto_increment PRIMARY KEY, `created_at` datetime, `updated_at` datetime) ENGINE=InnoDB[0m
  [4;35;1mSQL (0.3ms)[0m   [0mSHOW TABLES[0m
  [4;36;1mSQL (33.2ms)[0m   [0;1mCREATE TABLE `inventories` (`id` int(11) DEFAULT NULL auto_increment PRIMARY KEY, `created_at` datetime, `updated_at` datetime) ENGINE=InnoDB[0m
  [4;35;1mSQL (0.3ms)[0m   [0mSHOW TABLES[0m
  [4;36;1mSQL (33.0ms)[0m   [0;1mCREATE TABLE `items` (`id` int(11) DEFAULT NULL auto_increment PRIMARY KEY, `name` varchar(255), `description` varchar(255), `created_at` datetime, `updated_at` datetime) ENGINE=InnoDB[0m
  [4;35;1mSQL (0.3ms)[0m   [0mSHOW TABLES[0m
  [4;36;1mSQL (41.8ms)[0m   [0;1mCREATE TABLE `shopping_carts` (`id` int(11) DEFAULT NULL auto_increment PRIMARY KEY, `user_id` int(11), `created_at` datetime, `updated_at` datetime) ENGINE=InnoDB[0m
  [4;35;1mSQL (0.3ms)[0m   [0mSHOW TABLES[0m
  [4;36;1mSQL (58.1ms)[0m   [0;1mCREATE TABLE `users` (`id` int(11) DEFAULT NULL auto_increment PRIMARY KEY, `username` varchar(255), `password` varchar(255), `address` varchar(255), `created_at` datetime, `updated_at` datetime) ENGINE=InnoDB[0m
  [4;35;1mSQL (0.3ms)[0m   [0mSHOW TABLES[0m
  [4;36;1mSQL (118.6ms)[0m   [0;1mCREATE TABLE `schema_migrations` (`version` varchar(255) NOT NULL) ENGINE=InnoDB[0m
  [4;35;1mSQL (0.5ms)[0m   [0mSHOW KEYS FROM `schema_migrations`[0m
  [4;36;1mSQL (115.3ms)[0m   [0;1mCREATE UNIQUE INDEX `unique_schema_migrations` ON `schema_migrations` (`version`)[0m
  [4;35;1mSQL (0.4ms)[0m   [0mSHOW TABLES[0m
  [4;36;1mSQL (0.3ms)[0m   [0;1mSELECT version FROM `schema_migrations`[0m
  [4;35;1mSQL (6.0ms)[0m   [0mINSERT INTO `schema_migrations` (version) VALUES ('20131021183009')[0m
  [4;36;1mSQL (49.8ms)[0m   [0;1mINSERT INTO `schema_migrations` (version) VALUES ('20131021182200')[0m
  [4;35;1mSQL (8.2ms)[0m   [0mINSERT INTO `schema_migrations` (version) VALUES ('20131021182727')[0m
  [4;36;1mSQL (8.2ms)[0m   [0;1mINSERT INTO `schema_migrations` (version) VALUES ('20131021182936')[0m
  [4;35;1mSQL (8.2ms)[0m   [0mINSERT INTO `schema_migrations` (version) VALUES ('20131021182614')[0m
  [4;36;1mSQL (0.2ms)[0m   [0;1mSET SQL_AUTO_IS_NULL=0[0m
  [4;35;1mSQL (0.4ms)[0m   [0mSHOW TABLES[0m
  [4;36;1mSQL (0.4ms)[0m   [0;1mSELECT version FROM schema_migrations[0m
Migrating to CreateItems (20131021182200)
Migrating to CreateUsers (20131021182614)
Migrating to CreateShoppingCarts (20131021182727)
Migrating to CreateInventories (20131021182936)
Migrating to CreateCatalogs (20131021183009)
Migrating to AddCatalogToItems (20131023182324)
  [4;35;1mSQL (112.1ms)[0m   [0mALTER TABLE `items` ADD `catalog_id` int(11)[0m
  [4;36;1mSQL (7.7ms)[0m   [0;1mINSERT INTO schema_migrations (version) VALUES ('20131023182324')[0m
Migrating to AddNameToCatalog (20131023182351)
  [4;35;1mSQL (56.8ms)[0m   [0mALTER TABLE `catalogs` ADD `name` varchar(255)[0m
  [4;36;1mSQL (7.7ms)[0m   [0;1mINSERT INTO schema_migrations (version) VALUES ('20131023182351')[0m
Migrating to RemoveItemsFromCatalog (20131023183229)
  [4;35;1mSQL (0.0ms)[0m   [0mMysql::Error: Can't DROP 'has_many'; check that column/key exists: ALTER TABLE `catalogs` DROP `has_many`[0m
  [4;36;1mSQL (0.2ms)[0m   [0;1mSET SQL_AUTO_IS_NULL=0[0m
  [4;35;1mSQL (0.4ms)[0m   [0mSHOW TABLES[0m
  [4;36;1mSQL (0.2ms)[0m   [0;1mSELECT version FROM schema_migrations[0m
Migrating to CreateItems (20131021182200)
Migrating to CreateUsers (20131021182614)
Migrating to CreateShoppingCarts (20131021182727)
Migrating to CreateInventories (20131021182936)
Migrating to CreateCatalogs (20131021183009)
Migrating to AddCatalogToItems (20131023182324)
Migrating to AddNameToCatalog (20131023182351)
Migrating to RemoveItemsFromCatalog (20131023183229)
  [4;35;1mSQL (0.0ms)[0m   [0mMysql::Error: Can't DROP 'has_many'; check that column/key exists: ALTER TABLE `catalogs` DROP `has_many`[0m
  [4;36;1mSQL (0.2ms)[0m   [0;1mSET SQL_AUTO_IS_NULL=0[0m
  [4;35;1mSQL (0.4ms)[0m   [0mSHOW TABLES[0m
  [4;36;1mSQL (0.2ms)[0m   [0;1mSELECT version FROM schema_migrations[0m
  [4;35;1mSQL (0.3ms)[0m   [0mSHOW TABLES[0m
  [4;36;1mSQL (0.2ms)[0m   [0;1mSELECT version FROM schema_migrations[0m
Migrating to AddNameToCatalog (20131023182351)
  [4;35;1mSQL (115.0ms)[0m   [0mALTER TABLE `catalogs` DROP `name`[0m
  [4;36;1mSQL (7.7ms)[0m   [0;1mDELETE FROM schema_migrations WHERE version = '20131023182351'[0m
Migrating to AddCatalogToItems (20131023182324)
  [4;35;1mSQL (56.8ms)[0m   [0mALTER TABLE `items` DROP `catalog_id`[0m
  [4;36;1mSQL (7.7ms)[0m   [0;1mDELETE FROM schema_migrations WHERE version = '20131023182324'[0m
Migrating to CreateCatalogs (20131021183009)
  [4;35;1mSQL (13.9ms)[0m   [0mDROP TABLE `catalogs`[0m
  [4;36;1mSQL (7.7ms)[0m   [0;1mDELETE FROM schema_migrations WHERE version = '20131021183009'[0m
Migrating to CreateInventories (20131021182936)
  [4;35;1mSQL (25.3ms)[0m   [0mDROP TABLE `inventories`[0m
  [4;36;1mSQL (7.7ms)[0m   [0;1mDELETE FROM schema_migrations WHERE version = '20131021182936'[0m
Migrating to CreateShoppingCarts (20131021182727)
  [4;35;1mSQL (10.9ms)[0m   [0mDROP TABLE `shopping_carts`[0m
  [4;36;1mSQL (7.8ms)[0m   [0;1mDELETE FROM schema_migrations WHERE version = '20131021182727'[0m
Migrating to CreateUsers (20131021182614)
  [4;35;1mSQL (12.7ms)[0m   [0mDROP TABLE `users`[0m
  [4;36;1mSQL (7.7ms)[0m   [0;1mDELETE FROM schema_migrations WHERE version = '20131021182614'[0m
  [4;35;1mSQL (0.4ms)[0m   [0mSHOW TABLES[0m
  [4;36;1mSQL (0.3ms)[0m   [0;1mSELECT version FROM schema_migrations[0m
  [4;35;1mSQL (0.3ms)[0m   [0mSHOW TABLES[0m
  [4;36;1mSQL (1.0ms)[0m   [0;1mSHOW FIELDS FROM `items`[0m
  [4;35;1mSQL (0.8ms)[0m   [0mdescribe `items`[0m
  [4;36;1mSQL (0.4ms)[0m   [0;1mSHOW KEYS FROM `items`[0m
  [4;36;1mSQL (0.2ms)[0m   [0;1mSET SQL_AUTO_IS_NULL=0[0m
  [4;35;1mSQL (0.4ms)[0m   [0mSHOW TABLES[0m
  [4;36;1mSQL (0.2ms)[0m   [0;1mSELECT version FROM schema_migrations[0m
  [4;35;1mSQL (0.3ms)[0m   [0mSHOW TABLES[0m
  [4;36;1mSQL (0.2ms)[0m   [0;1mSELECT version FROM schema_migrations[0m
Migrating to CreateItems (20131021182200)
  [4;35;1mSQL (16.0ms)[0m   [0mDROP TABLE `items`[0m
  [4;36;1mSQL (7.7ms)[0m   [0;1mDELETE FROM schema_migrations WHERE version = '20131021182200'[0m
  [4;35;1mSQL (0.4ms)[0m   [0mSHOW TABLES[0m
  [4;36;1mSQL (0.3ms)[0m   [0;1mSELECT version FROM schema_migrations[0m
  [4;35;1mSQL (0.3ms)[0m   [0mSHOW TABLES[0m
  [4;36;1mSQL (0.2ms)[0m   [0;1mSET SQL_AUTO_IS_NULL=0[0m
  [4;35;1mSQL (0.4ms)[0m   [0mSHOW TABLES[0m
  [4;36;1mSQL (0.2ms)[0m   [0;1mSELECT version FROM schema_migrations[0m
  [4;35;1mSQL (0.4ms)[0m   [0mSHOW TABLES[0m
  [4;36;1mSQL (0.2ms)[0m   [0;1mSELECT version FROM schema_migrations[0m
  [4;35;1mSQL (0.3ms)[0m   [0mSHOW TABLES[0m
  [4;36;1mSQL (0.2ms)[0m   [0;1mSET SQL_AUTO_IS_NULL=0[0m
  [4;35;1mSQL (0.4ms)[0m   [0mSHOW TABLES[0m
  [4;36;1mSQL (0.2ms)[0m   [0;1mSELECT version FROM schema_migrations[0m
  [4;35;1mSQL (0.3ms)[0m   [0mSHOW TABLES[0m
  [4;36;1mSQL (0.2ms)[0m   [0;1mSELECT version FROM schema_migrations[0m
  [4;35;1mSQL (0.3ms)[0m   [0mSHOW TABLES[0m
  [4;36;1mSQL (0.2ms)[0m   [0;1mSET SQL_AUTO_IS_NULL=0[0m
  [4;35;1mSQL (0.4ms)[0m   [0mSHOW TABLES[0m
  [4;36;1mSQL (0.2ms)[0m   [0;1mSELECT version FROM schema_migrations[0m
Migrating to CreateItems (20131023191107)
  [4;35;1mSQL (85.7ms)[0m   [0mCREATE TABLE `items` (`id` int(11) DEFAULT NULL auto_increment PRIMARY KEY, `name` varchar(255), `description` text, `created_at` datetime, `updated_at` datetime) ENGINE=InnoDB[0m
  [4;36;1mSQL (7.9ms)[0m   [0;1mINSERT INTO schema_migrations (version) VALUES ('20131023191107')[0m
Migrating to CreateCatalogs (20131023191136)
  [4;35;1mSQL (31.3ms)[0m   [0mCREATE TABLE `catalogs` (`id` int(11) DEFAULT NULL auto_increment PRIMARY KEY, `created_at` datetime, `updated_at` datetime) ENGINE=InnoDB[0m
  [4;36;1mSQL (7.9ms)[0m   [0;1mINSERT INTO schema_migrations (version) VALUES ('20131023191136')[0m
Migrating to CreateInventories (20131023191244)
  [4;35;1mSQL (31.3ms)[0m   [0mCREATE TABLE `inventories` (`id` int(11) DEFAULT NULL auto_increment PRIMARY KEY, `created_at` datetime, `updated_at` datetime) ENGINE=InnoDB[0m
  [4;36;1mSQL (16.6ms)[0m   [0;1mINSERT INTO schema_migrations (version) VALUES ('20131023191244')[0m
Migrating to CreateUsers (20131023191345)
  [4;35;1mSQL (39.5ms)[0m   [0mCREATE TABLE `users` (`id` int(11) DEFAULT NULL auto_increment PRIMARY KEY, `name` varchar(255), `is_vendor` tinyint(1), `created_at` datetime, `updated_at` datetime) ENGINE=InnoDB[0m
  [4;36;1mSQL (7.9ms)[0m   [0;1mINSERT INTO schema_migrations (version) VALUES ('20131023191345')[0m
Migrating to CreateOrders (20131023191410)
  [4;35;1mSQL (39.6ms)[0m   [0mCREATE TABLE `orders` (`id` int(11) DEFAULT NULL auto_increment PRIMARY KEY, `created_at` datetime, `updated_at` datetime) ENGINE=InnoDB[0m
  [4;36;1mSQL (16.3ms)[0m   [0;1mINSERT INTO schema_migrations (version) VALUES ('20131023191410')[0m
Migrating to CreateShoppingCarts (20131023191700)
  [4;35;1mSQL (64.6ms)[0m   [0mCREATE TABLE `shopping_carts` (`id` int(11) DEFAULT NULL auto_increment PRIMARY KEY, `created_at` datetime, `updated_at` datetime) ENGINE=InnoDB[0m
  [4;36;1mSQL (16.3ms)[0m   [0;1mINSERT INTO schema_migrations (version) VALUES ('20131023191700')[0m
  [4;35;1mSQL (0.4ms)[0m   [0mSHOW TABLES[0m
  [4;36;1mSQL (0.3ms)[0m   [0;1mSELECT version FROM schema_migrations[0m
  [4;35;1mSQL (0.3ms)[0m   [0mSHOW TABLES[0m
  [4;36;1mSQL (0.9ms)[0m   [0;1mSHOW FIELDS FROM `catalogs`[0m
  [4;35;1mSQL (0.7ms)[0m   [0mdescribe `catalogs`[0m
  [4;36;1mSQL (0.4ms)[0m   [0;1mSHOW KEYS FROM `catalogs`[0m
  [4;35;1mSQL (0.8ms)[0m   [0mSHOW FIELDS FROM `inventories`[0m
  [4;36;1mSQL (0.8ms)[0m   [0;1mdescribe `inventories`[0m
  [4;35;1mSQL (0.4ms)[0m   [0mSHOW KEYS FROM `inventories`[0m
  [4;36;1mSQL (0.9ms)[0m   [0;1mSHOW FIELDS FROM `items`[0m
  [4;35;1mSQL (0.8ms)[0m   [0mdescribe `items`[0m
  [4;36;1mSQL (0.4ms)[0m   [0;1mSHOW KEYS FROM `items`[0m
  [4;35;1mSQL (0.8ms)[0m   [0mSHOW FIELDS FROM `orders`[0m
  [4;36;1mSQL (0.7ms)[0m   [0;1mdescribe `orders`[0m
  [4;35;1mSQL (0.4ms)[0m   [0mSHOW KEYS FROM `orders`[0m
  [4;36;1mSQL (0.8ms)[0m   [0;1mSHOW FIELDS FROM `shopping_carts`[0m
  [4;35;1mSQL (0.9ms)[0m   [0mdescribe `shopping_carts`[0m
  [4;36;1mSQL (0.4ms)[0m   [0;1mSHOW KEYS FROM `shopping_carts`[0m
  [4;35;1mSQL (0.9ms)[0m   [0mSHOW FIELDS FROM `users`[0m
  [4;36;1mSQL (0.8ms)[0m   [0;1mdescribe `users`[0m
  [4;35;1mSQL (0.4ms)[0m   [0mSHOW KEYS FROM `users`[0m
  [4;36;1mSQL (0.2ms)[0m   [0;1mSET SQL_AUTO_IS_NULL=0[0m
  [4;35;1mSQL (0.4ms)[0m   [0mSHOW TABLES[0m
  [4;36;1mSQL (0.2ms)[0m   [0;1mSELECT version FROM schema_migrations[0m
Migrating to CreateItems (20131023191107)
Migrating to CreateCatalogs (20131023191136)
Migrating to CreateInventories (20131023191244)
Migrating to CreateUsers (20131023191345)
Migrating to CreateOrders (20131023191410)
Migrating to CreateShoppingCarts (20131023191700)
Migrating to AddCatalogToItems (20131023191959)
  [4;35;1mSQL (108.2ms)[0m   [0mALTER TABLE `items` ADD `catalog_id` int(11)[0m
  [4;36;1mSQL (7.7ms)[0m   [0;1mINSERT INTO schema_migrations (version) VALUES ('20131023191959')[0m
Migrating to AddNameToCatalog (20131023192016)
  [4;35;1mSQL (56.8ms)[0m   [0mALTER TABLE `catalogs` ADD `name` varchar(255)[0m
  [4;36;1mSQL (7.7ms)[0m   [0;1mINSERT INTO schema_migrations (version) VALUES ('20131023192016')[0m
  [4;35;1mSQL (0.4ms)[0m   [0mSHOW TABLES[0m
  [4;36;1mSQL (0.3ms)[0m   [0;1mSELECT version FROM schema_migrations[0m
  [4;35;1mSQL (0.3ms)[0m   [0mSHOW TABLES[0m
  [4;36;1mSQL (1.0ms)[0m   [0;1mSHOW FIELDS FROM `catalogs`[0m
  [4;35;1mSQL (0.8ms)[0m   [0mdescribe `catalogs`[0m
  [4;36;1mSQL (0.4ms)[0m   [0;1mSHOW KEYS FROM `catalogs`[0m
  [4;35;1mSQL (0.7ms)[0m   [0mSHOW FIELDS FROM `inventories`[0m
  [4;36;1mSQL (0.7ms)[0m   [0;1mdescribe `inventories`[0m
  [4;35;1mSQL (0.4ms)[0m   [0mSHOW KEYS FROM `inventories`[0m
  [4;36;1mSQL (0.9ms)[0m   [0;1mSHOW FIELDS FROM `items`[0m
  [4;35;1mSQL (0.8ms)[0m   [0mdescribe `items`[0m
  [4;36;1mSQL (0.4ms)[0m   [0;1mSHOW KEYS FROM `items`[0m
  [4;35;1mSQL (0.7ms)[0m   [0mSHOW FIELDS FROM `orders`[0m
  [4;36;1mSQL (0.7ms)[0m   [0;1mdescribe `orders`[0m
  [4;35;1mSQL (0.4ms)[0m   [0mSHOW KEYS FROM `orders`[0m
  [4;36;1mSQL (0.7ms)[0m   [0;1mSHOW FIELDS FROM `shopping_carts`[0m
  [4;35;1mSQL (0.7ms)[0m   [0mdescribe `shopping_carts`[0m
  [4;36;1mSQL (0.4ms)[0m   [0;1mSHOW KEYS FROM `shopping_carts`[0m
  [4;35;1mSQL (0.8ms)[0m   [0mSHOW FIELDS FROM `users`[0m
  [4;36;1mSQL (0.8ms)[0m   [0;1mdescribe `users`[0m
  [4;35;1mSQL (0.4ms)[0m   [0mSHOW KEYS FROM `users`[0m
  [4;36;1mSQL (0.2ms)[0m   [0;1mSET SQL_AUTO_IS_NULL=0[0m
  [4;35;1mSQL (0.4ms)[0m   [0mSHOW TABLES[0m
  [4;36;1mSQL (0.2ms)[0m   [0;1mSELECT version FROM schema_migrations[0m
Migrating to CreateItems (20131023191107)
Migrating to CreateCatalogs (20131023191136)
Migrating to CreateInventories (20131023191244)
Migrating to CreateUsers (20131023191345)
Migrating to CreateOrders (20131023191410)
Migrating to CreateShoppingCarts (20131023191700)
Migrating to AddCatalogToItems (20131023191959)
Migrating to AddNameToCatalog (20131023192016)
  [4;35;1mSQL (0.3ms)[0m   [0mSHOW TABLES[0m
  [4;36;1mSQL (0.2ms)[0m   [0;1mSELECT version FROM schema_migrations[0m
  [4;35;1mSQL (0.3ms)[0m   [0mSHOW TABLES[0m
  [4;36;1mSQL (0.9ms)[0m   [0;1mSHOW FIELDS FROM `catalogs`[0m
  [4;35;1mSQL (0.8ms)[0m   [0mdescribe `catalogs`[0m
  [4;36;1mSQL (0.4ms)[0m   [0;1mSHOW KEYS FROM `catalogs`[0m
  [4;35;1mSQL (0.7ms)[0m   [0mSHOW FIELDS FROM `inventories`[0m
  [4;36;1mSQL (0.7ms)[0m   [0;1mdescribe `inventories`[0m
  [4;35;1mSQL (0.4ms)[0m   [0mSHOW KEYS FROM `inventories`[0m
  [4;36;1mSQL (0.8ms)[0m   [0;1mSHOW FIELDS FROM `items`[0m
  [4;35;1mSQL (0.8ms)[0m   [0mdescribe `items`[0m
  [4;36;1mSQL (0.4ms)[0m   [0;1mSHOW KEYS FROM `items`[0m
  [4;35;1mSQL (0.7ms)[0m   [0mSHOW FIELDS FROM `orders`[0m
  [4;36;1mSQL (0.7ms)[0m   [0;1mdescribe `orders`[0m
  [4;35;1mSQL (0.4ms)[0m   [0mSHOW KEYS FROM `orders`[0m
  [4;36;1mSQL (0.7ms)[0m   [0;1mSHOW FIELDS FROM `shopping_carts`[0m
  [4;35;1mSQL (0.7ms)[0m   [0mdescribe `shopping_carts`[0m
  [4;36;1mSQL (0.4ms)[0m   [0;1mSHOW KEYS FROM `shopping_carts`[0m
  [4;35;1mSQL (0.8ms)[0m   [0mSHOW FIELDS FROM `users`[0m
  [4;36;1mSQL (0.8ms)[0m   [0;1mdescribe `users`[0m
  [4;35;1mSQL (0.4ms)[0m   [0mSHOW KEYS FROM `users`[0m
  [4;36;1mSQL (0.2ms)[0m   [0;1mSET SQL_AUTO_IS_NULL=0[0m
  [4;35;1mCatalog Columns (1.0ms)[0m   [0mSHOW FIELDS FROM `catalogs`[0m
  [4;36;1mSQL (0.3ms)[0m   [0;1mBEGIN[0m
  [4;35;1mCatalog Create (0.4ms)[0m   [0mINSERT INTO `catalogs` (`updated_at`, `created_at`, `name`) VALUES('2013-10-24 03:04:50', '2013-10-24 03:04:50', 'CDs')[0m
  [4;36;1mSQL (17.2ms)[0m   [0;1mCOMMIT[0m
  [4;35;1mItem Columns (1.1ms)[0m   [0mSHOW FIELDS FROM `items`[0m
  [4;36;1mSQL (0.7ms)[0m   [0;1mBEGIN[0m
  [4;35;1mItem Create (0.3ms)[0m   [0mINSERT INTO `items` (`updated_at`, `created_at`, `catalog_id`, `description`, `name`) VALUES('2013-10-24 03:05:54', '2013-10-24 03:05:54', 2, 'Christmas by Buble', 'Christmas')[0m
  [4;36;1mSQL (24.5ms)[0m   [0;1mCOMMIT[0m
  [4;35;1mItem Load (0.5ms)[0m   [0mSELECT * FROM `items` WHERE (`items`.catalog_id = 2) [0m


Processing ItemsController#index (for 127.0.0.1 at 2013-10-23 23:06:38) [GET]
  [4;36;1mItem Load (0.5ms)[0m   [0;1mSELECT * FROM `items` [0m
Rendering template within layouts/items
Rendering items/index
Completed in 32ms (View: 28, DB: 47) | 200 OK [http://www.example.com/items/]
